This is pdfTeX, Version 3.1415926-2.4-1.40.13 (TeX Live 2012/Debian) (format=pdflatex 2013.3.20)  8 JUL 2013 11:15
entering extended mode
 restricted \write18 enabled.
 %&-line parsing enabled.
**3_Monochromatic3connecedBlinksAnd3Manifolds.tex
(./3_Monochromatic3connecedBlinksAnd3Manifolds.tex
LaTeX2e <2011/06/27>
Babel <v3.8m> and hyphenation patterns for english, dumylang, nohyphenation, et
hiopic, farsi, arabic, pinyin, croatian, bulgarian, ukrainian, russian, slovak,
 czech, danish, dutch, usenglishmax, ukenglish, finnish, french, basque, ngerma
n, german, swissgerman, ngerman-x-2012-05-30, german-x-2012-05-30, monogreek, g
reek, ibycus, ancientgreek, hungarian, bengali, tamil, hindi, telugu, gujarati,
 sanskrit, malayalam, kannada, assamese, marathi, oriya, panjabi, italian, lati
n, latvian, lithuanian, mongolian, mongolianlmc, nynorsk, bokmal, indonesian, e
speranto, coptic, welsh, irish, interlingua, serbian, serbianc, slovenian, friu
lan, romansh, estonian, romanian, armenian, uppersorbian, turkish, afrikaans, i
celandic, kurmanji, polish, portuguese, galician, catalan, spanish, swedish, th
ai, loaded.
(/usr/share/texlive/texmf-dist/tex/latex/base/article.cls
Document Class: article 2007/10/19 v1.4h Standard LaTeX document class
(/usr/share/texlive/texmf-dist/tex/latex/base/size12.clo
File: size12.clo 2007/10/19 v1.4h Standard LaTeX file (size option)
)
\c@part=\count79
\c@section=\count80
\c@subsection=\count81
\c@subsubsection=\count82
\c@paragraph=\count83
\c@subparagraph=\count84
\c@figure=\count85
\c@table=\count86
\abovecaptionskip=\skip41
\belowcaptionskip=\skip42
\bibindent=\dimen102
)
(/usr/share/texlive/texmf-dist/tex/latex/geometry/geometry.sty
Package: geometry 2010/09/12 v5.6 Page Geometry

(/usr/share/texlive/texmf-dist/tex/latex/graphics/keyval.sty
Package: keyval 1999/03/16 v1.13 key=value parser (DPC)
\KV@toks@=\toks14
)
(/usr/share/texlive/texmf-dist/tex/generic/oberdiek/ifpdf.sty
Package: ifpdf 2011/01/30 v2.3 Provides the ifpdf switch (HO)
Package ifpdf Info: pdfTeX in PDF mode is detected.
)
(/usr/share/texlive/texmf-dist/tex/generic/oberdiek/ifvtex.sty
Package: ifvtex 2010/03/01 v1.5 Detect VTeX and its facilities (HO)
Package ifvtex Info: VTeX not detected.
)
(/usr/share/texlive/texmf-dist/tex/generic/ifxetex/ifxetex.sty
Package: ifxetex 2010/09/12 v0.6 Provides ifxetex conditional
)
\Gm@cnth=\count87
\Gm@cntv=\count88
\c@Gm@tempcnt=\count89
\Gm@bindingoffset=\dimen103
\Gm@wd@mp=\dimen104
\Gm@odd@mp=\dimen105
\Gm@even@mp=\dimen106
\Gm@layoutwidth=\dimen107
\Gm@layoutheight=\dimen108
\Gm@layouthoffset=\dimen109
\Gm@layoutvoffset=\dimen110
\Gm@dimlist=\toks15
) (./a1.sty
\c@theorem=\count90
)
(/var/lib/texmf/tex/generic/babel/babel.sty
Package: babel 2008/07/08 v3.8m The Babel package

(/usr/share/texlive/texmf-dist/tex/generic/babel/english.ldf
Language: english 2005/03/30 v3.3o English support from the babel system

(/usr/share/texlive/texmf-dist/tex/generic/babel/babel.def
File: babel.def 2008/07/08 v3.8m Babel common definitions
\babel@savecnt=\count91
\U@D=\dimen111
)
\l@canadian = a dialect from \language\l@american 
\l@australian = a dialect from \language\l@british 
\l@newzealand = a dialect from \language\l@british 
))
(/usr/share/texlive/texmf-dist/tex/latex/base/inputenc.sty
Package: inputenc 2008/03/30 v1.1d Input encoding file
\inpenc@prehook=\toks16
\inpenc@posthook=\toks17

(/usr/share/texlive/texmf-dist/tex/latex/base/latin1.def
File: latin1.def 2008/03/30 v1.1d Input encoding file
))
(/usr/share/texlive/texmf-dist/tex/latex/amsfonts/amsfonts.sty
Package: amsfonts 2009/06/22 v3.00 Basic AMSFonts support
\@emptytoks=\toks18
\symAMSa=\mathgroup4
\symAMSb=\mathgroup5
LaTeX Font Info:    Overwriting math alphabet `\mathfrak' in version `bold'
(Font)                  U/euf/m/n --> U/euf/b/n on input line 96.
)
(/usr/share/texlive/texmf-dist/tex/latex/amsfonts/amssymb.sty
Package: amssymb 2009/06/22 v3.00
)
(/usr/share/texlive/texmf-dist/tex/latex/amsmath/amsmath.sty
Package: amsmath 2000/07/18 v2.13 AMS math features
\@mathmargin=\skip43

For additional information on amsmath, use the `?' option.
(/usr/share/texlive/texmf-dist/tex/latex/amsmath/amstext.sty
Package: amstext 2000/06/29 v2.01

(/usr/share/texlive/texmf-dist/tex/latex/amsmath/amsgen.sty
File: amsgen.sty 1999/11/30 v2.0
\@emptytoks=\toks19
\ex@=\dimen112
))
(/usr/share/texlive/texmf-dist/tex/latex/amsmath/amsbsy.sty
Package: amsbsy 1999/11/29 v1.2d
\pmbraise@=\dimen113
)
(/usr/share/texlive/texmf-dist/tex/latex/amsmath/amsopn.sty
Package: amsopn 1999/12/14 v2.01 operator names
)
\inf@bad=\count92
LaTeX Info: Redefining \frac on input line 211.
\uproot@=\count93
\leftroot@=\count94
LaTeX Info: Redefining \overline on input line 307.
\classnum@=\count95
\DOTSCASE@=\count96
LaTeX Info: Redefining \ldots on input line 379.
LaTeX Info: Redefining \dots on input line 382.
LaTeX Info: Redefining \cdots on input line 467.
\Mathstrutbox@=\box26
\strutbox@=\box27
\big@size=\dimen114
LaTeX Font Info:    Redeclaring font encoding OML on input line 567.
LaTeX Font Info:    Redeclaring font encoding OMS on input line 568.
\macc@depth=\count97
\c@MaxMatrixCols=\count98
\dotsspace@=\muskip10
\c@parentequation=\count99
\dspbrk@lvl=\count100
\tag@help=\toks20
\row@=\count101
\column@=\count102
\maxfields@=\count103
\andhelp@=\toks21
\eqnshift@=\dimen115
\alignsep@=\dimen116
\tagshift@=\dimen117
\tagwidth@=\dimen118
\totwidth@=\dimen119
\lineht@=\dimen120
\@envbody=\toks22
\multlinegap=\skip44
\multlinetaggap=\skip45
\mathdisplay@stack=\toks23
LaTeX Info: Redefining \[ on input line 2666.
LaTeX Info: Redefining \] on input line 2667.
)
(/usr/share/texlive/texmf-dist/tex/latex/graphics/graphicx.sty
Package: graphicx 1999/02/16 v1.0f Enhanced LaTeX Graphics (DPC,SPQR)

(/usr/share/texlive/texmf-dist/tex/latex/graphics/graphics.sty
Package: graphics 2009/02/05 v1.0o Standard LaTeX Graphics (DPC,SPQR)

(/usr/share/texlive/texmf-dist/tex/latex/graphics/trig.sty
Package: trig 1999/03/16 v1.09 sin cos tan (DPC)
)
(/usr/share/texlive/texmf-dist/tex/latex/latexconfig/graphics.cfg
File: graphics.cfg 2010/04/23 v1.9 graphics configuration of TeX Live
)
Package graphics Info: Driver file: pdftex.def on input line 91.

(/usr/share/texlive/texmf-dist/tex/latex/pdftex-def/pdftex.def
File: pdftex.def 2011/05/27 v0.06d Graphics/color for pdfTeX

(/usr/share/texlive/texmf-dist/tex/generic/oberdiek/infwarerr.sty
Package: infwarerr 2010/04/08 v1.3 Providing info/warning/error messages (HO)
)
(/usr/share/texlive/texmf-dist/tex/generic/oberdiek/ltxcmds.sty
Package: ltxcmds 2011/11/09 v1.22 LaTeX kernel commands for general use (HO)
)
\Gread@gobject=\count104
))
\Gin@req@height=\dimen121
\Gin@req@width=\dimen122
)
(/usr/share/texlive/texmf-dist/tex/latex/float/float.sty
Package: float 2001/11/08 v1.3d Float enhancements (AL)
\c@float@type=\count105
\float@exts=\toks24
\float@box=\box28
\@float@everytoks=\toks25
\@floatcapt=\box29
)
(/usr/share/texlive/texmf-dist/tex/latex/hyperref/hyperref.sty
Package: hyperref 2012/05/13 v6.82q Hypertext links for LaTeX

(/usr/share/texlive/texmf-dist/tex/generic/oberdiek/hobsub-hyperref.sty
Package: hobsub-hyperref 2012/05/28 v1.13 Bundle oberdiek, subset hyperref (HO)


(/usr/share/texlive/texmf-dist/tex/generic/oberdiek/hobsub-generic.sty
Package: hobsub-generic 2012/05/28 v1.13 Bundle oberdiek, subset generic (HO)
Package: hobsub 2012/05/28 v1.13 Construct package bundles (HO)
Package hobsub Info: Skipping package `infwarerr' (already loaded).
Package hobsub Info: Skipping package `ltxcmds' (already loaded).
Package: ifluatex 2010/03/01 v1.3 Provides the ifluatex switch (HO)
Package ifluatex Info: LuaTeX not detected.
Package hobsub Info: Skipping package `ifvtex' (already loaded).
Package: intcalc 2007/09/27 v1.1 Expandable calculations with integers (HO)
Package hobsub Info: Skipping package `ifpdf' (already loaded).
Package: etexcmds 2011/02/16 v1.5 Avoid name clashes with e-TeX commands (HO)
Package etexcmds Info: Could not find \expanded.
(etexcmds)             That can mean that you are not using pdfTeX 1.50 or
(etexcmds)             that some package has redefined \expanded.
(etexcmds)             In the latter case, load this package earlier.
Package: kvsetkeys 2012/04/25 v1.16 Key value parser (HO)
Package: kvdefinekeys 2011/04/07 v1.3 Define keys (HO)
Package: pdftexcmds 2011/11/29 v0.20 Utility functions of pdfTeX for LuaTeX (HO
)
Package pdftexcmds Info: LuaTeX not detected.
Package pdftexcmds Info: \pdf@primitive is available.
Package pdftexcmds Info: \pdf@ifprimitive is available.
Package pdftexcmds Info: \pdfdraftmode found.
Package: pdfescape 2011/11/25 v1.13 Implements pdfTeX's escape features (HO)
Package: bigintcalc 2012/04/08 v1.3 Expandable calculations on big integers (HO
)
Package: bitset 2011/01/30 v1.1 Handle bit-vector datatype (HO)
Package: uniquecounter 2011/01/30 v1.2 Provide unlimited unique counter (HO)
)
Package hobsub Info: Skipping package `hobsub' (already loaded).
Package: letltxmacro 2010/09/02 v1.4 Let assignment for LaTeX macros (HO)
Package: hopatch 2012/05/28 v1.2 Wrapper for package hooks (HO)
Package: xcolor-patch 2011/01/30 xcolor patch
Package: atveryend 2011/06/30 v1.8 Hooks at the very end of document (HO)
Package atveryend Info: \enddocument detected (standard20110627).
Package: atbegshi 2011/10/05 v1.16 At begin shipout hook (HO)
Package: refcount 2011/10/16 v3.4 Data extraction from label references (HO)
Package: hycolor 2011/01/30 v1.7 Color options for hyperref/bookmark (HO)
)
(/usr/share/texlive/texmf-dist/tex/latex/oberdiek/kvoptions.sty
Package: kvoptions 2011/06/30 v3.11 Key value format for package options (HO)
)
\@linkdim=\dimen123
\Hy@linkcounter=\count106
\Hy@pagecounter=\count107

(/usr/share/texlive/texmf-dist/tex/latex/hyperref/pd1enc.def
File: pd1enc.def 2012/05/13 v6.82q Hyperref: PDFDocEncoding definition (HO)
)
\Hy@SavedSpaceFactor=\count108

(/usr/share/texlive/texmf-dist/tex/latex/latexconfig/hyperref.cfg
File: hyperref.cfg 2002/06/06 v1.2 hyperref configuration of TeXLive
)
Package hyperref Info: Hyper figures OFF on input line 4062.
Package hyperref Info: Link nesting OFF on input line 4067.
Package hyperref Info: Hyper index ON on input line 4070.
Package hyperref Info: Plain pages OFF on input line 4077.
Package hyperref Info: Backreferencing OFF on input line 4082.
Package hyperref Info: Implicit mode ON; LaTeX internals redefined.
Package hyperref Info: Bookmarks ON on input line 4300.
\c@Hy@tempcnt=\count109

(/usr/share/texlive/texmf-dist/tex/latex/url/url.sty
\Urlmuskip=\muskip11
Package: url 2006/04/12  ver 3.3  Verb mode for urls, etc.
)
LaTeX Info: Redefining \url on input line 4653.
\Fld@menulength=\count110
\Field@Width=\dimen124
\Fld@charsize=\dimen125
Package hyperref Info: Hyper figures OFF on input line 5773.
Package hyperref Info: Link nesting OFF on input line 5778.
Package hyperref Info: Hyper index ON on input line 5781.
Package hyperref Info: backreferencing OFF on input line 5788.
Package hyperref Info: Link coloring OFF on input line 5793.
Package hyperref Info: Link coloring with OCG OFF on input line 5798.
Package hyperref Info: PDF/A mode OFF on input line 5803.
LaTeX Info: Redefining \ref on input line 5843.
LaTeX Info: Redefining \pageref on input line 5847.
\Hy@abspage=\count111
\c@Item=\count112
\c@Hfootnote=\count113
)

Package hyperref Message: Driver: hpdftex.

(/usr/share/texlive/texmf-dist/tex/latex/hyperref/hpdftex.def
File: hpdftex.def 2012/05/13 v6.82q Hyperref driver for pdfTeX
\Fld@listcount=\count114
\c@bookmark@seq@number=\count115

(/usr/share/texlive/texmf-dist/tex/latex/oberdiek/rerunfilecheck.sty
Package: rerunfilecheck 2011/04/15 v1.7 Rerun checks for auxiliary files (HO)
Package uniquecounter Info: New unique counter `rerunfilecheck' on input line 2
82.
)
\Hy@SectionHShift=\skip46
)
(/usr/share/texlive/texmf-dist/tex/latex/graphics/color.sty
Package: color 2005/11/14 v1.0j Standard LaTeX Color (DPC)

(/usr/share/texlive/texmf-dist/tex/latex/latexconfig/color.cfg
File: color.cfg 2007/01/18 v1.5 color configuration of teTeX/TeXLive
)
Package color Info: Driver file: pdftex.def on input line 130.
)
(/usr/share/texlive/texmf-dist/tex/latex/base/makeidx.sty
Package: makeidx 2000/03/29 v1.0m Standard LaTeX package
)
\@indexfile=\write3
\openout3 = `3_Monochromatic3connecedBlinksAnd3Manifolds.idx'.


Writing index file 3_Monochromatic3connecedBlinksAnd3Manifolds.idx
(./3_Monochromatic3connecedBlinksAnd3Manifolds.aux

LaTeX Warning: Label `fig:edgeanglefactors' multiply defined.

)
\openout1 = `3_Monochromatic3connecedBlinksAnd3Manifolds.aux'.

LaTeX Font Info:    Checking defaults for OML/cmm/m/it on input line 56.
LaTeX Font Info:    ... okay on input line 56.
LaTeX Font Info:    Checking defaults for T1/cmr/m/n on input line 56.
LaTeX Font Info:    ... okay on input line 56.
LaTeX Font Info:    Checking defaults for OT1/cmr/m/n on input line 56.
LaTeX Font Info:    ... okay on input line 56.
LaTeX Font Info:    Checking defaults for OMS/cmsy/m/n on input line 56.
LaTeX Font Info:    ... okay on input line 56.
LaTeX Font Info:    Checking defaults for OMX/cmex/m/n on input line 56.
LaTeX Font Info:    ... okay on input line 56.
LaTeX Font Info:    Checking defaults for U/cmr/m/n on input line 56.
LaTeX Font Info:    ... okay on input line 56.
LaTeX Font Info:    Checking defaults for PD1/pdf/m/n on input line 56.
LaTeX Font Info:    ... okay on input line 56.

*geometry* driver: auto-detecting
*geometry* detected driver: pdftex
*geometry* verbose mode - [ preamble ] result:
* driver: pdftex
* paper: a4paper
* layout: <same size as paper>
* layoutoffset:(h,v)=(0.0pt,0.0pt)
* modes: twoside 
* h-part:(L,W,R)=(56.90552pt, 455.24408pt, 85.35828pt)
* v-part:(T,H,B)=(70.56284pt, 668.63976pt, 105.84425pt)
* \paperwidth=597.50787pt
* \paperheight=845.04684pt
* \textwidth=455.24408pt
* \textheight=668.63976pt
* \oddsidemargin=-15.36447pt
* \evensidemargin=13.08829pt
* \topmargin=-38.70715pt
* \headheight=12.0pt
* \headsep=25.0pt
* \topskip=12.0pt
* \footskip=30.0pt
* \marginparwidth=85.0pt
* \marginparsep=10.0pt
* \columnsep=10.0pt
* \skip\footins=10.8pt plus 4.0pt minus 2.0pt
* \hoffset=0.0pt
* \voffset=0.0pt
* \mag=1000
* \@twocolumnfalse
* \@twosidetrue
* \@mparswitchtrue
* \@reversemarginfalse
* (1in=72.27pt=25.4mm, 1cm=28.453pt)

(/usr/share/texlive/texmf-dist/tex/context/base/supp-pdf.mkii
[Loading MPS to PDF converter (version 2006.09.02).]
\scratchcounter=\count116
\scratchdimen=\dimen126
\scratchbox=\box30
\nofMPsegments=\count117
\nofMParguments=\count118
\everyMPshowfont=\toks26
\MPscratchCnt=\count119
\MPscratchDim=\dimen127
\MPnumerator=\count120
\makeMPintoPDFobject=\count121
\everyMPtoPDFconversion=\toks27
) (/usr/share/texlive/texmf-dist/tex/latex/oberdiek/epstopdf-base.sty
Package: epstopdf-base 2010/02/09 v2.5 Base part for package epstopdf

(/usr/share/texlive/texmf-dist/tex/latex/oberdiek/grfext.sty
Package: grfext 2010/08/19 v1.1 Manage graphics extensions (HO)
)
Package grfext Info: Graphics extension search list:
(grfext)             [.png,.pdf,.jpg,.mps,.jpeg,.jbig2,.jb2,.PNG,.PDF,.JPG,.JPE
G,.JBIG2,.JB2,.eps]
(grfext)             \AppendGraphicsExtensions on input line 452.

(/usr/share/texlive/texmf-dist/tex/latex/latexconfig/epstopdf-sys.cfg
File: epstopdf-sys.cfg 2010/07/13 v1.3 Configuration of (r)epstopdf for TeX Liv
e
))
\AtBeginShipoutBox=\box31
Package hyperref Info: Link coloring OFF on input line 56.

(/usr/share/texlive/texmf-dist/tex/latex/hyperref/nameref.sty
Package: nameref 2010/04/30 v2.40 Cross-referencing by name of section

(/usr/share/texlive/texmf-dist/tex/generic/oberdiek/gettitlestring.sty
Package: gettitlestring 2010/12/03 v1.4 Cleanup title references (HO)
)
\c@section@level=\count122
)
LaTeX Info: Redefining \ref on input line 56.
LaTeX Info: Redefining \pageref on input line 56.
LaTeX Info: Redefining \nameref on input line 56.

(./3_Monochromatic3connecedBlinksAnd3Manifolds.out)
(./3_Monochromatic3connecedBlinksAnd3Manifolds.out)
\@outlinefile=\write4
\openout4 = `3_Monochromatic3connecedBlinksAnd3Manifolds.out'.

LaTeX Font Info:    Try loading font information for U+msa on input line 60.

(/usr/share/texlive/texmf-dist/tex/latex/amsfonts/umsa.fd
File: umsa.fd 2009/06/22 v3.00 AMS symbols A
)
LaTeX Font Info:    Try loading font information for U+msb on input line 60.

(/usr/share/texlive/texmf-dist/tex/latex/amsfonts/umsb.fd
File: umsb.fd 2009/06/22 v3.00 AMS symbols B
)

Package hyperref Warning: Token not allowed in a PDF string (PDFDocEncoding):
(hyperref)                removing `math shift' on input line 82.


Package hyperref Warning: Token not allowed in a PDF string (PDFDocEncoding):
(hyperref)                removing `subscript' on input line 82.


Package hyperref Warning: Token not allowed in a PDF string (PDFDocEncoding):
(hyperref)                removing `math shift' on input line 82.

[1

{/var/lib/texmf/fonts/map/pdftex/updmap/pdftex.map}]
Overfull \hbox (15.39107pt too wide) in paragraph at lines 146--146
[]$\OML/cmm/m/it/17.28 ^^T[]$\OT1/cmr/bx/n/17.28 : the Kauffman-Lins ver-sion o
f the WRT-invariants 
 []


Package hyperref Warning: Token not allowed in a PDF string (PDFDocEncoding):
(hyperref)                removing `math shift' on input line 146.


Package hyperref Warning: Token not allowed in a PDF string (PDFDocEncoding):
(hyperref)                removing `\kappa' on input line 146.


Package hyperref Warning: Token not allowed in a PDF string (PDFDocEncoding):
(hyperref)                removing `subscript' on input line 146.


Package hyperref Warning: Token not allowed in a PDF string (PDFDocEncoding):
(hyperref)                removing `math shift' on input line 146.

[2] <A.figs/zigzagcube.pdf, id=139, 218.11855pt x 144.17558pt>
File: A.figs/zigzagcube.pdf Graphic file (type pdf)

<use A.figs/zigzagcube.pdf>
Package pdftex.def Info: A.figs/zigzagcube.pdf used on input line 184.
(pdftex.def)             Requested size: 170.71652pt x 112.84587pt.


Package hyperref Warning: Token not allowed in a PDF string (PDFDocEncoding):
(hyperref)                removing `math shift' on input line 204.


Package hyperref Warning: Token not allowed in a PDF string (PDFDocEncoding):
(hyperref)                removing `\kappa' on input line 204.


Package hyperref Warning: Token not allowed in a PDF string (PDFDocEncoding):
(hyperref)                removing `subscript' on input line 204.


Package hyperref Warning: Token not allowed in a PDF string (PDFDocEncoding):
(hyperref)                removing `math shift' on input line 204.

[3 <./A.figs/zigzagcube.pdf>]
<A.figs/flinkblink.pdf, id=161, 454.45204pt x 159.23416pt>
File: A.figs/flinkblink.pdf Graphic file (type pdf)

<use A.figs/flinkblink.pdf>
Package pdftex.def Info: A.figs/flinkblink.pdf used on input line 281.
(pdftex.def)             Requested size: 256.0748pt x 89.72691pt.


LaTeX Font Warning: Font shape `OT1/cmss/m/it' in size <12> not available
(Font)              Font shape `OT1/cmss/m/sl' tried instead on input line 297.


[4 <./A.figs/flinkblink.pdf>]
<A.figs/edgeanglefactors.pdf, id=180, 534.43758pt x 196.25558pt>
File: A.figs/edgeanglefactors.pdf Graphic file (type pdf)

<use A.figs/edgeanglefactors.pdf>
Package pdftex.def Info: A.figs/edgeanglefactors.pdf used on input line 354.
(pdftex.def)             Requested size: 455.24408pt x 167.18336pt.

Underfull \vbox (badness 10000) has occurred while \output is active []

 [5]
Overfull \hbox (2.31435pt too wide) in paragraph at lines 383--383
[]\OT1/cmr/bx/n/17.28 Solving 10/11 $\OML/cmm/m/it/17.28 HG\OT1/cmr/m/n/17.28 8
\OML/cmm/m/it/17.28 QI$\OT1/cmr/bx/n/17.28 -classes as non-homeomorphic
 []


Package hyperref Warning: Token not allowed in a PDF string (PDFDocEncoding):
(hyperref)                removing `math shift' on input line 383.


Package hyperref Warning: Token not allowed in a PDF string (PDFDocEncoding):
(hyperref)                removing `math shift' on input line 383.

[6 <./A.figs/edgeanglefactors.pdf>]

Package hyperref Warning: Token not allowed in a PDF string (PDFDocEncoding):
(hyperref)                removing `math shift' on input line 412.


Package hyperref Warning: Token not allowed in a PDF string (PDFDocEncoding):
(hyperref)                removing `math shift' on input line 412.


Package hyperref Warning: Token not allowed in a PDF string (PDFDocEncoding):
(hyperref)                removing `math shift' on input line 412.


Package hyperref Warning: Token not allowed in a PDF string (PDFDocEncoding):
(hyperref)                removing `superscript' on input line 412.


Package hyperref Warning: Token not allowed in a PDF string (PDFDocEncoding):
(hyperref)                removing `subscript' on input line 412.


Package hyperref Warning: Token not allowed in a PDF string (PDFDocEncoding):
(hyperref)                removing `math shift' on input line 412.

<A.figs/T14_24.pdf, id=207, 420.68127pt x 91.28622pt>
File: A.figs/T14_24.pdf Graphic file (type pdf)
 <use A.figs/T14_24.pdf>
Package pdftex.def Info: A.figs/T14_24.pdf used on input line 415.
(pdftex.def)             Requested size: 455.24408pt x 98.79099pt.


Package hyperref Warning: Token not allowed in a PDF string (PDFDocEncoding):
(hyperref)                removing `math shift' on input line 430.


Package hyperref Warning: Token not allowed in a PDF string (PDFDocEncoding):
(hyperref)                removing `math shift' on input line 430.


Package hyperref Warning: Token not allowed in a PDF string (PDFDocEncoding):
(hyperref)                removing `math shift' on input line 430.


Package hyperref Warning: Token not allowed in a PDF string (PDFDocEncoding):
(hyperref)                removing `superscript' on input line 430.


Package hyperref Warning: Token not allowed in a PDF string (PDFDocEncoding):
(hyperref)                removing `subscript' on input line 430.


Package hyperref Warning: Token not allowed in a PDF string (PDFDocEncoding):
(hyperref)                removing `math shift' on input line 430.

<A.figs/T15_16.pdf, id=210, 470.28052pt x 91.44775pt>
File: A.figs/T15_16.pdf Graphic file (type pdf)
 <use A.figs/T15_16.pdf>
Package pdftex.def Info: A.figs/T15_16.pdf used on input line 433.
(pdftex.def)             Requested size: 455.24408pt x 88.52838pt.


Package hyperref Warning: Token not allowed in a PDF string (PDFDocEncoding):
(hyperref)                removing `math shift' on input line 446.


Package hyperref Warning: Token not allowed in a PDF string (PDFDocEncoding):
(hyperref)                removing `math shift' on input line 446.


Package hyperref Warning: Token not allowed in a PDF string (PDFDocEncoding):
(hyperref)                removing `math shift' on input line 446.


Package hyperref Warning: Token not allowed in a PDF string (PDFDocEncoding):
(hyperref)                removing `superscript' on input line 446.


Package hyperref Warning: Token not allowed in a PDF string (PDFDocEncoding):
(hyperref)                removing `subscript' on input line 446.


Package hyperref Warning: Token not allowed in a PDF string (PDFDocEncoding):
(hyperref)                removing `math shift' on input line 446.

<A.figs/T15_19.pdf, id=211, 428.44702pt x 91.46248pt>
File: A.figs/T15_19.pdf Graphic file (type pdf)
 <use A.figs/T15_19.pdf>
Package pdftex.def Info: A.figs/T15_19.pdf used on input line 453.
(pdftex.def)             Requested size: 455.24408pt x 97.1842pt.

Underfull \hbox (badness 2334) in paragraph at lines 507--507
\OT1/cmss/m/n/12 of $\OML/cmm/m/it/12 T\OT1/cmr/m/n/12 [122]$\OT1/cmss/m/n/12 :
 $\OT1/cmr/m/n/12 [\OML/cmm/m/it/12 Z=\OT1/cmr/m/n/12 2 + \OML/cmm/m/it/12 Z=\O
T1/cmr/m/n/12 2 + \OML/cmm/m/it/12 Z=\OT1/cmr/m/n/12 15486\OML/cmm/m/it/12 ; Z=
\OT1/cmr/m/n/12 2 + \OML/cmm/m/it/12 Z=\OT1/cmr/m/n/12 2 + \OML/cmm/m/it/12 Z=\
OT1/cmr/m/n/12 15486\OML/cmm/m/it/12 ; Z=\OT1/cmr/m/n/12 2 + \OML/cmm/m/it/12 Z
=\OT1/cmr/m/n/12 894\OML/cmm/m/it/12 ; Z=\OT1/cmr/m/n/12 2 +
 []


Underfull \hbox (badness 3199) in paragraph at lines 507--507
\OML/cmm/m/it/12 Z=\OT1/cmr/m/n/12 6552\OML/cmm/m/it/12 ; Z=\OT1/cmr/m/n/12 4 +
 \OML/cmm/m/it/12 Z=\OT1/cmr/m/n/12 12\OML/cmm/m/it/12 ; Z=\OT1/cmr/m/n/12 4 + 
\OML/cmm/m/it/12 Z=\OT1/cmr/m/n/12 12\OML/cmm/m/it/12 ; Z=\OT1/cmr/m/n/12 6 + \
OML/cmm/m/it/12 Z=\OT1/cmr/m/n/12 402\OML/cmm/m/it/12 ; Z=\OT1/cmr/m/n/12 6 + \
OML/cmm/m/it/12 Z=\OT1/cmr/m/n/12 402\OML/cmm/m/it/12 ; Z=\OT1/cmr/m/n/12 24 + 
\OML/cmm/m/it/12 Z; Z=\OT1/cmr/m/n/12 24 +
 []


Underfull \hbox (badness 2393) in paragraph at lines 507--507
\OML/cmm/m/it/12 Z; Z=\OT1/cmr/m/n/12 531\OML/cmm/m/it/12 ; Z=\OT1/cmr/m/n/12 5
31\OML/cmm/m/it/12 ; Z=\OT1/cmr/m/n/12 549\OML/cmm/m/it/12 ; Z=\OT1/cmr/m/n/12 
549\OML/cmm/m/it/12 ; Z=\OT1/cmr/m/n/12 4716\OML/cmm/m/it/12 ; Z=\OT1/cmr/m/n/1
2 4716]$\OT1/cmss/m/n/12 . Ho-mol-ogy of the twenty 6-covers
 []


Underfull \hbox (badness 6396) in paragraph at lines 507--507
\OT1/cmss/m/n/12 of $\OML/cmm/m/it/12 T\OT1/cmr/m/n/12 [148]$\OT1/cmss/m/n/12 :
 $\OT1/cmr/m/n/12 [\OML/cmm/m/it/12 Z=\OT1/cmr/m/n/12 2 + \OML/cmm/m/it/12 Z=\O
T1/cmr/m/n/12 2 + \OML/cmm/m/it/12 Z=\OT1/cmr/m/n/12 114\OML/cmm/m/it/12 ; Z=\O
T1/cmr/m/n/12 2 + \OML/cmm/m/it/12 Z=\OT1/cmr/m/n/12 2 + \OML/cmm/m/it/12 Z=\OT
1/cmr/m/n/12 384\OML/cmm/m/it/12 ; Z=\OT1/cmr/m/n/12 2 + \OML/cmm/m/it/12 Z=\OT
1/cmr/m/n/12 966\OML/cmm/m/it/12 ; Z=\OT1/cmr/m/n/12 3 +
 []


Underfull \hbox (badness 1721) in paragraph at lines 507--507
\OML/cmm/m/it/12 Z=\OT1/cmr/m/n/12 3 + \OML/cmm/m/it/12 Z=\OT1/cmr/m/n/12 51\OM
L/cmm/m/it/12 ; Z=\OT1/cmr/m/n/12 3 + \OML/cmm/m/it/12 Z=\OT1/cmr/m/n/12 3 + \O
ML/cmm/m/it/12 Z=\OT1/cmr/m/n/12 1302\OML/cmm/m/it/12 ; Z=\OT1/cmr/m/n/12 3 + \
OML/cmm/m/it/12 Z=\OT1/cmr/m/n/12 24 + \OML/cmm/m/it/12 Z; Z=\OT1/cmr/m/n/12 6 
+ \OML/cmm/m/it/12 Z=\OT1/cmr/m/n/12 6 + \OML/cmm/m/it/12 Z=\OT1/cmr/m/n/12 444
\OML/cmm/m/it/12 ; Z=\OT1/cmr/m/n/12 6 +
 []


Underfull \hbox (badness 3407) in paragraph at lines 507--507
\OML/cmm/m/it/12 Z=\OT1/cmr/m/n/12 450\OML/cmm/m/it/12 ; Z=\OT1/cmr/m/n/12 1341
\OML/cmm/m/it/12 ; Z=\OT1/cmr/m/n/12 4356\OML/cmm/m/it/12 ; Z=\OT1/cmr/m/n/12 4
866\OML/cmm/m/it/12 ; Z=\OT1/cmr/m/n/12 11025\OML/cmm/m/it/12 ; Z=\OT1/cmr/m/n/
12 66402\OML/cmm/m/it/12 ; Z=\OT1/cmr/m/n/12 71496]$\OT1/cmss/m/n/12 . There-fo
re $\OML/cmm/m/it/12 T\OT1/cmr/m/n/12 [122]$ \OT1/cmss/m/n/12 and
 []


Underfull \vbox (badness 1418) has occurred while \output is active []

 [7 <./A.figs/T14_24.pdf> <./A.figs/T15_16.pdf

pdfTeX warning: /usr/bin/pdflatex (file ./A.figs/T15_16.pdf): PDF inclusion: mu
ltiple pdfs with page group included in a single page
>]

Package hyperref Warning: Token not allowed in a PDF string (PDFDocEncoding):
(hyperref)                removing `math shift' on input line 512.


Package hyperref Warning: Token not allowed in a PDF string (PDFDocEncoding):
(hyperref)                removing `math shift' on input line 512.


Package hyperref Warning: Token not allowed in a PDF string (PDFDocEncoding):
(hyperref)                removing `math shift' on input line 512.


Package hyperref Warning: Token not allowed in a PDF string (PDFDocEncoding):
(hyperref)                removing `superscript' on input line 512.


Package hyperref Warning: Token not allowed in a PDF string (PDFDocEncoding):
(hyperref)                removing `subscript' on input line 512.


Package hyperref Warning: Token not allowed in a PDF string (PDFDocEncoding):
(hyperref)                removing `math shift' on input line 512.

<A.figs/T15_22.pdf, id=234, 452.15143pt x 87.45786pt>
File: A.figs/T15_22.pdf Graphic file (type pdf)
 <use A.figs/T15_22.pdf>
Package pdftex.def Info: A.figs/T15_22.pdf used on input line 515.
(pdftex.def)             Requested size: 455.24408pt x 88.0608pt.

Underfull \vbox (badness 10000) has occurred while \output is active []

 [8 <./A.figs/T15_19.pdf>]

Package hyperref Warning: Token not allowed in a PDF string (PDFDocEncoding):
(hyperref)                removing `math shift' on input line 562.


Package hyperref Warning: Token not allowed in a PDF string (PDFDocEncoding):
(hyperref)                removing `math shift' on input line 562.


Package hyperref Warning: Token not allowed in a PDF string (PDFDocEncoding):
(hyperref)                removing `math shift' on input line 562.


Package hyperref Warning: Token not allowed in a PDF string (PDFDocEncoding):
(hyperref)                removing `superscript' on input line 562.


Package hyperref Warning: Token not allowed in a PDF string (PDFDocEncoding):
(hyperref)                removing `subscript' on input line 562.


Package hyperref Warning: Token not allowed in a PDF string (PDFDocEncoding):
(hyperref)                removing `math shift' on input line 562.

<A.figs/T16_42.pdf, id=248, 472.9263pt x 85.10844pt>
File: A.figs/T16_42.pdf Graphic file (type pdf)
 <use A.figs/T16_42.pdf>
Package pdftex.def Info: A.figs/T16_42.pdf used on input line 565.
(pdftex.def)             Requested size: 455.24408pt x 81.92914pt.


Package hyperref Warning: Token not allowed in a PDF string (PDFDocEncoding):
(hyperref)                removing `math shift' on input line 646.


Package hyperref Warning: Token not allowed in a PDF string (PDFDocEncoding):
(hyperref)                removing `math shift' on input line 646.


Package hyperref Warning: Token not allowed in a PDF string (PDFDocEncoding):
(hyperref)                removing `math shift' on input line 646.


Package hyperref Warning: Token not allowed in a PDF string (PDFDocEncoding):
(hyperref)                removing `superscript' on input line 646.


Package hyperref Warning: Token not allowed in a PDF string (PDFDocEncoding):
(hyperref)                removing `subscript' on input line 646.


Package hyperref Warning: Token not allowed in a PDF string (PDFDocEncoding):
(hyperref)                removing `math shift' on input line 646.

<A.figs/T16_56.pdf, id=249, 484.6916pt x 85.7988pt>
File: A.figs/T16_56.pdf Graphic file (type pdf)
 <use A.figs/T16_56.pdf>
Package pdftex.def Info: A.figs/T16_56.pdf used on input line 649.
(pdftex.def)             Requested size: 455.24408pt x 80.58542pt.

Underfull \vbox (badness 10000) has occurred while \output is active []

 [9 <./A.figs/T15_22.pdf> <./A.figs/T16_42.pdf

pdfTeX warning: /usr/bin/pdflatex (file ./A.figs/T16_42.pdf): PDF inclusion: mu
ltiple pdfs with page group included in a single page
>]

Package hyperref Warning: Token not allowed in a PDF string (PDFDocEncoding):
(hyperref)                removing `math shift' on input line 681.


Package hyperref Warning: Token not allowed in a PDF string (PDFDocEncoding):
(hyperref)                removing `math shift' on input line 681.


Package hyperref Warning: Token not allowed in a PDF string (PDFDocEncoding):
(hyperref)                removing `math shift' on input line 681.


Package hyperref Warning: Token not allowed in a PDF string (PDFDocEncoding):
(hyperref)                removing `superscript' on input line 681.


Package hyperref Warning: Token not allowed in a PDF string (PDFDocEncoding):
(hyperref)                removing `subscript' on input line 681.


Package hyperref Warning: Token not allowed in a PDF string (PDFDocEncoding):
(hyperref)                removing `math shift' on input line 681.

<A.figs/T16_140.pdf, id=271, 447.89485pt x 83.3611pt>
File: A.figs/T16_140.pdf Graphic file (type pdf)
 <use A.figs/T16_140.pdf>
Package pdftex.def Info: A.figs/T16_140.pdf used on input line 684.
(pdftex.def)             Requested size: 455.24408pt x 84.73209pt.


Package hyperref Warning: Token not allowed in a PDF string (PDFDocEncoding):
(hyperref)                removing `math shift' on input line 696.


Package hyperref Warning: Token not allowed in a PDF string (PDFDocEncoding):
(hyperref)                removing `math shift' on input line 696.


Package hyperref Warning: Token not allowed in a PDF string (PDFDocEncoding):
(hyperref)                removing `math shift' on input line 696.


Package hyperref Warning: Token not allowed in a PDF string (PDFDocEncoding):
(hyperref)                removing `superscript' on input line 696.


Package hyperref Warning: Token not allowed in a PDF string (PDFDocEncoding):
(hyperref)                removing `subscript' on input line 696.


Package hyperref Warning: Token not allowed in a PDF string (PDFDocEncoding):
(hyperref)                removing `math shift' on input line 696.

<A.figs/T16_141.pdf, id=272, 442.12645pt x 87.08249pt>
File: A.figs/T16_141.pdf Graphic file (type pdf)

<use A.figs/T16_141.pdf>
Package pdftex.def Info: A.figs/T16_141.pdf used on input line 699.
(pdftex.def)             Requested size: 455.24408pt x 89.66537pt.

Underfull \vbox (badness 10000) has occurred while \output is active []

 [10 <./A.figs/T16_56.pdf> <./A.figs/T16_140.pdf

pdfTeX warning: /usr/bin/pdflatex (file ./A.figs/T16_140.pdf): PDF inclusion: m
ultiple pdfs with page group included in a single page
>]

Package hyperref Warning: Token not allowed in a PDF string (PDFDocEncoding):
(hyperref)                removing `math shift' on input line 718.


Package hyperref Warning: Token not allowed in a PDF string (PDFDocEncoding):
(hyperref)                removing `math shift' on input line 718.


Package hyperref Warning: Token not allowed in a PDF string (PDFDocEncoding):
(hyperref)                removing `math shift' on input line 718.


Package hyperref Warning: Token not allowed in a PDF string (PDFDocEncoding):
(hyperref)                removing `superscript' on input line 718.


Package hyperref Warning: Token not allowed in a PDF string (PDFDocEncoding):
(hyperref)                removing `subscript' on input line 718.


Package hyperref Warning: Token not allowed in a PDF string (PDFDocEncoding):
(hyperref)                removing `math shift' on input line 718.

<A.figs/T16_142.pdf, id=294, 448.78946pt x 89.04254pt>
File: A.figs/T16_142.pdf Graphic file (type pdf)

<use A.figs/T16_142.pdf>
Package pdftex.def Info: A.figs/T16_142.pdf used on input line 721.
(pdftex.def)             Requested size: 455.24408pt x 90.32353pt.

Underfull \vbox (badness 10000) has occurred while \output is active []

 [11 <./A.figs/T16_141.pdf>]

Package hyperref Warning: Token not allowed in a PDF string (PDFDocEncoding):
(hyperref)                removing `math shift' on input line 800.


Package hyperref Warning: Token not allowed in a PDF string (PDFDocEncoding):
(hyperref)                removing `math shift' on input line 800.


Package hyperref Warning: Token not allowed in a PDF string (PDFDocEncoding):
(hyperref)                removing `math shift' on input line 800.


Package hyperref Warning: Token not allowed in a PDF string (PDFDocEncoding):
(hyperref)                removing `superscript' on input line 800.


Package hyperref Warning: Token not allowed in a PDF string (PDFDocEncoding):
(hyperref)                removing `subscript' on input line 800.


Package hyperref Warning: Token not allowed in a PDF string (PDFDocEncoding):
(hyperref)                removing `math shift' on input line 800.

<A.figs/T16_149.pdf, id=308, 447.28767pt x 89.2686pt>
File: A.figs/T16_149.pdf Graphic file (type pdf)
 <use A.figs/T16_149.pdf>
Package pdftex.def Info: A.figs/T16_149.pdf used on input line 803.
(pdftex.def)             Requested size: 455.24408pt x 90.8566pt.


Package hyperref Warning: Token not allowed in a PDF string (PDFDocEncoding):
(hyperref)                removing `math shift' on input line 832.


Package hyperref Warning: Token not allowed in a PDF string (PDFDocEncoding):
(hyperref)                removing `math shift' on input line 832.


Package hyperref Warning: Token not allowed in a PDF string (PDFDocEncoding):
(hyperref)                removing `math shift' on input line 832.


Package hyperref Warning: Token not allowed in a PDF string (PDFDocEncoding):
(hyperref)                removing `superscript' on input line 832.


Package hyperref Warning: Token not allowed in a PDF string (PDFDocEncoding):
(hyperref)                removing `subscript' on input line 832.


Package hyperref Warning: Token not allowed in a PDF string (PDFDocEncoding):
(hyperref)                removing `math shift' on input line 832.

<A.figs/T16_233.pdf, id=309, 436.40797pt x 85.03326pt>
File: A.figs/T16_233.pdf Graphic file (type pdf)

<use A.figs/T16_233.pdf>
Package pdftex.def Info: A.figs/T16_233.pdf used on input line 835.
(pdftex.def)             Requested size: 455.24408pt x 88.70236pt.
 [12 <./A.figs/T16_142.pdf> <./A.figs/T16_149.pdf

pdfTeX warning: /usr/bin/pdflatex (file ./A.figs/T16_149.pdf): PDF inclusion: m
ultiple pdfs with page group included in a single page
>] (./3_Monochromatic3connecedBlinksAnd3Manifolds.bbl [13 <./A.figs/T16_233.pdf
>])
Package atveryend Info: Empty hook `BeforeClearDocument' on input line 910.
 [14]
Package atveryend Info: Empty hook `AfterLastShipout' on input line 910.
 (./3_Monochromatic3connecedBlinksAnd3Manifolds.aux)
Package atveryend Info: Executing hook `AtVeryEndDocument' on input line 910.
Package atveryend Info: Executing hook `AtEndAfterFileList' on input line 910.
Package rerunfilecheck Info: File `3_Monochromatic3connecedBlinksAnd3Manifolds.
out' has not changed.
(rerunfilecheck)             Checksum: 902CB191ADB23E06FFE0D857DC337052;1629.


LaTeX Warning: There were multiply-defined labels.

Package atveryend Info: Empty hook `AtVeryVeryEnd' on input line 910.
 ) 
Here is how much of TeX's memory you used:
 7078 strings out of 493485
 101274 string characters out of 3143526
 211079 words of memory out of 3000000
 10208 multiletter control sequences out of 15000+200000
 18955 words of font info for 74 fonts, out of 3000000 for 9000
 957 hyphenation exceptions out of 8191
 31i,8n,31p,1685b,443s stack positions out of 5000i,500n,10000p,200000b,50000s
</usr/share/texlive/texmf-dist/fonts/type1/public/amsfonts/cm/cmbx10.pfb></us
r/share/texlive/texmf-dist/fonts/type1/public/amsfonts/cm/cmbx12.pfb></usr/shar
e/texlive/texmf-dist/fonts/type1/public/amsfonts/cm/cmex10.pfb></usr/share/texl
ive/texmf-dist/fonts/type1/public/amsfonts/cm/cmitt10.pfb></usr/share/texlive/t
exmf-dist/fonts/type1/public/amsfonts/cm/cmmi10.pfb></usr/share/texlive/texmf-d
ist/fonts/type1/public/amsfonts/cm/cmmi12.pfb></usr/share/texlive/texmf-dist/fo
nts/type1/public/amsfonts/cm/cmmi6.pfb></usr/share/texlive/texmf-dist/fonts/typ
e1/public/amsfonts/cm/cmmi8.pfb></usr/share/texlive/texmf-dist/fonts/type1/publ
ic/amsfonts/cm/cmr10.pfb></usr/share/texlive/texmf-dist/fonts/type1/public/amsf
onts/cm/cmr12.pfb></usr/share/texlive/texmf-dist/fonts/type1/public/amsfonts/cm
/cmr17.pfb></usr/share/texlive/texmf-dist/fonts/type1/public/amsfonts/cm/cmr6.p
fb></usr/share/texlive/texmf-dist/fonts/type1/public/amsfonts/cm/cmr8.pfb></usr
/share/texlive/texmf-dist/fonts/type1/public/amsfonts/cm/cmss12.pfb></usr/share
/texlive/texmf-dist/fonts/type1/public/amsfonts/cm/cmssi12.pfb></usr/share/texl
ive/texmf-dist/fonts/type1/public/amsfonts/cm/cmsy10.pfb></usr/share/texlive/te
xmf-dist/fonts/type1/public/amsfonts/cm/cmsy6.pfb></usr/share/texlive/texmf-dis
t/fonts/type1/public/amsfonts/cm/cmsy7.pfb></usr/share/texlive/texmf-dist/fonts
/type1/public/amsfonts/cm/cmsy8.pfb></usr/share/texlive/texmf-dist/fonts/type1/
public/amsfonts/cm/cmti10.pfb></usr/share/texlive/texmf-dist/fonts/type1/public
/amsfonts/cm/cmti12.pfb></usr/share/texlive/texmf-dist/fonts/type1/public/amsfo
nts/cm/cmtt10.pfb></usr/share/texlive/texmf-dist/fonts/type1/public/amsfonts/cm
/cmtt12.pfb></usr/share/texlive/texmf-dist/fonts/type1/public/amsfonts/symbols/
msbm10.pfb>
Output written on 3_Monochromatic3connecedBlinksAnd3Manifolds.pdf (14 pages, 10
09062 bytes).
PDF statistics:
 451 PDF objects out of 1000 (max. 8388607)
 365 compressed objects within 4 object streams
 63 named destinations out of 1000 (max. 500000)
 215 words of extra memory for PDF output out of 10000 (max. 10000000)

